This is pdfTeX, Version 3.1415926-2.3-1.40.12 (MiKTeX 2.9) (preloaded format=pdflatex 2023.7.13)  17 MAY 2024 11:27
entering extended mode
**bare_jrnl_compsoc.tex

(C:\Users\dell\Desktop\ËÆ∫ÊñáÊí∞ÂÜô\ÊúüÂàäËÆ∫ÊñáËçâÁ®ø\ISVLSI-J\manuscript\bare
_jrnl_compsoc.tex
LaTeX2e <2011/06/27>
Babel <v3.8m> and hyphenation patterns for loaded.

(C:\Users\dell\Desktop\ËÆ∫ÊñáÊí∞ÂÜô\ÊúüÂàäËÆ∫ÊñáËçâÁ®ø\ISVLSI-J\manuscript\IEEE
tran.cls
Document Class: IEEEtran 2014/09/17 V1.8a by Michael Shell
-- See the "IEEEtran_HOWTO" manual for usage information.
-- http://www.michaelshell.org/tex/ieeetran/
\@IEEEtrantmpdimenA=\dimen102
\@IEEEtrantmpdimenB=\dimen103
\@IEEEtrantmpdimenC=\dimen104
\@IEEEtrantmpcountA=\count79
\@IEEEtrantmpcountB=\count80
\@IEEEtrantmpcountC=\count81
\@IEEEtrantmptoksA=\toks14
-- Using IEEE Computer Society mode.
LaTeX Font Info:    Try loading font information for OT1+ppl on input line 458.

(C:\CTEX\MiKTeX\tex\latex\psnfss\ot1ppl.fd
File: ot1ppl.fd 2001/06/04 font definitions for OT1/ppl.
)
-- Using 8.5in x 11in (letter) paper.
-- Using PDF output.
\@IEEEnormalsizeunitybaselineskip=\dimen105
-- This is a 10 point document.
\CLASSINFOnormalsizebaselineskip=\dimen106
\CLASSINFOnormalsizeunitybaselineskip=\dimen107
\IEEEnormaljot=\dimen108
LaTeX Font Info:    Font shape `OT1/ppl/bx/n' in size <5.01874> not available
(Font)              Font shape `OT1/ppl/b/n' tried instead on input line 1039.
LaTeX Font Info:    Font shape `OT1/ppl/bx/it' in size <5.01874> not available
(Font)              Font shape `OT1/ppl/b/it' tried instead on input line 1039.

LaTeX Font Info:    Font shape `OT1/ppl/bx/n' in size <7.02625> not available
(Font)              Font shape `OT1/ppl/b/n' tried instead on input line 1039.
LaTeX Font Info:    Font shape `OT1/ppl/bx/it' in size <7.02625> not available
(Font)              Font shape `OT1/ppl/b/it' tried instead on input line 1039.

LaTeX Font Info:    Font shape `OT1/ppl/bx/n' in size <8.03> not available
(Font)              Font shape `OT1/ppl/b/n' tried instead on input line 1039.
LaTeX Font Info:    Font shape `OT1/ppl/bx/it' in size <8.03> not available
(Font)              Font shape `OT1/ppl/b/it' tried instead on input line 1039.

LaTeX Font Info:    Font shape `OT1/ppl/bx/n' in size <9.03374> not available
(Font)              Font shape `OT1/ppl/b/n' tried instead on input line 1039.
LaTeX Font Info:    Font shape `OT1/ppl/bx/it' in size <9.03374> not available
(Font)              Font shape `OT1/ppl/b/it' tried instead on input line 1039.

LaTeX Font Info:    Font shape `OT1/ppl/bx/n' in size <9.53561> not available
(Font)              Font shape `OT1/ppl/b/n' tried instead on input line 1039.
LaTeX Font Info:    Font shape `OT1/ppl/bx/it' in size <9.53561> not available
(Font)              Font shape `OT1/ppl/b/it' tried instead on input line 1039.

LaTeX Font Info:    Font shape `OT1/ppl/bx/n' in size <11.04124> not available
(Font)              Font shape `OT1/ppl/b/n' tried instead on input line 1039.
LaTeX Font Info:    Font shape `OT1/ppl/bx/it' in size <11.04124> not available

(Font)              Font shape `OT1/ppl/b/it' tried instead on input line 1039.

LaTeX Font Info:    Font shape `OT1/ppl/bx/n' in size <12.045> not available
(Font)              Font shape `OT1/ppl/b/n' tried instead on input line 1039.
LaTeX Font Info:    Font shape `OT1/ppl/bx/it' in size <12.045> not available
(Font)              Font shape `OT1/ppl/b/it' tried instead on input line 1039.

LaTeX Font Info:    Font shape `OT1/ppl/bx/n' in size <17.06374> not available
(Font)              Font shape `OT1/ppl/b/n' tried instead on input line 1039.
LaTeX Font Info:    Font shape `OT1/ppl/bx/it' in size <17.06374> not available

(Font)              Font shape `OT1/ppl/b/it' tried instead on input line 1039.

LaTeX Font Info:    Font shape `OT1/ppl/bx/n' in size <20.075> not available
(Font)              Font shape `OT1/ppl/b/n' tried instead on input line 1039.
LaTeX Font Info:    Font shape `OT1/ppl/bx/it' in size <20.075> not available
(Font)              Font shape `OT1/ppl/b/it' tried instead on input line 1039.

LaTeX Font Info:    Font shape `OT1/ppl/bx/n' in size <24.09> not available
(Font)              Font shape `OT1/ppl/b/n' tried instead on input line 1039.
LaTeX Font Info:    Font shape `OT1/ppl/bx/it' in size <24.09> not available
(Font)              Font shape `OT1/ppl/b/it' tried instead on input line 1039.

\IEEEquantizedlength=\dimen109
\IEEEquantizedlengthdiff=\dimen110
\IEEEquantizedtextheightdiff=\dimen111
\IEEEilabelindentA=\dimen112
\IEEEilabelindentB=\dimen113
\IEEEilabelindent=\dimen114
\IEEEelabelindent=\dimen115
\IEEEdlabelindent=\dimen116
\IEEElabelindent=\dimen117
\IEEEiednormlabelsep=\dimen118
\IEEEiedmathlabelsep=\dimen119
\IEEEiedtopsep=\skip41
\c@section=\count82
\c@subsection=\count83
\c@subsubsection=\count84
\c@paragraph=\count85
\c@IEEEsubequation=\count86
\abovecaptionskip=\skip42
\belowcaptionskip=\skip43
\c@figure=\count87
\c@table=\count88
\@IEEEeqnnumcols=\count89
\@IEEEeqncolcnt=\count90
\@IEEEsubeqnnumrollback=\count91
\@IEEEquantizeheightA=\dimen120
\@IEEEquantizeheightB=\dimen121
\@IEEEquantizeheightC=\dimen122
\@IEEEquantizeprevdepth=\dimen123
\@IEEEquantizemultiple=\count92
\@IEEEquantizeboxA=\box26
\@IEEEtmpitemindent=\dimen124
\c@IEEEbiography=\count93
\@IEEEtranrubishbin=\box27
) (C:\CTEX\MiKTeX\tex\latex\savesym\savesym.sty

LaTeX Warning: You have requested package `savesym',
               but the package provides `savesymbol'.

Package: savesymbol 2003/06/01 v1.1 Saves and restores symbols
) (C:\CTEX\MiKTeX\tex\latex\ams\math\amsmath.sty
Package: amsmath 2000/07/18 v2.13 AMS math features
\@mathmargin=\skip44

For additional information on amsmath, use the `?' option.
(C:\CTEX\MiKTeX\tex\latex\ams\math\amstext.sty
Package: amstext 2000/06/29 v2.01

(C:\CTEX\MiKTeX\tex\latex\ams\math\amsgen.sty
File: amsgen.sty 1999/11/30 v2.0
\@emptytoks=\toks15
\ex@=\dimen125
))
(C:\CTEX\MiKTeX\tex\latex\ams\math\amsbsy.sty
Package: amsbsy 1999/11/29 v1.2d
\pmbraise@=\dimen126
)
(C:\CTEX\MiKTeX\tex\latex\ams\math\amsopn.sty
Package: amsopn 1999/12/14 v2.01 operator names
)
\inf@bad=\count94
LaTeX Info: Redefining \frac on input line 211.
\uproot@=\count95
\leftroot@=\count96
LaTeX Info: Redefining \overline on input line 307.
\classnum@=\count97
\DOTSCASE@=\count98
LaTeX Info: Redefining \ldots on input line 379.
LaTeX Info: Redefining \dots on input line 382.
LaTeX Info: Redefining \cdots on input line 467.
\Mathstrutbox@=\box28
\strutbox@=\box29
\big@size=\dimen127
LaTeX Font Info:    Redeclaring font encoding OML on input line 567.
LaTeX Font Info:    Redeclaring font encoding OMS on input line 568.
\macc@depth=\count99
\c@MaxMatrixCols=\count100
\dotsspace@=\muskip10
\c@parentequation=\count101
\dspbrk@lvl=\count102
\tag@help=\toks16
\row@=\count103
\column@=\count104
\maxfields@=\count105
\andhelp@=\toks17
\eqnshift@=\dimen128
\alignsep@=\dimen129
\tagshift@=\dimen130
\tagwidth@=\dimen131
\totwidth@=\dimen132
\lineht@=\dimen133
\@envbody=\toks18
\multlinegap=\skip45
\multlinetaggap=\skip46
\mathdisplay@stack=\toks19
LaTeX Info: Redefining \[ on input line 2666.
LaTeX Info: Redefining \] on input line 2667.
)
(C:\CTEX\MiKTeX\tex\latex\txfonts\txfonts.sty
Package: txfonts 2008/01/22 v3.2.1
LaTeX Font Info:    Redeclaring symbol font `operators' on input line 21.
LaTeX Font Info:    Overwriting symbol font `operators' in version `normal'
(Font)                  OT1/cmr/m/n --> OT1/txr/m/n on input line 21.
LaTeX Font Info:    Overwriting symbol font `operators' in version `bold'
(Font)                  OT1/cmr/bx/n --> OT1/txr/m/n on input line 21.
LaTeX Font Info:    Overwriting symbol font `operators' in version `bold'
(Font)                  OT1/txr/m/n --> OT1/txr/bx/n on input line 22.
\symitalic=\mathgroup4
LaTeX Font Info:    Overwriting symbol font `italic' in version `bold'
(Font)                  OT1/txr/m/it --> OT1/txr/bx/it on input line 26.
LaTeX Font Info:    Redeclaring math alphabet \mathbf on input line 29.
LaTeX Font Info:    Overwriting math alphabet `\mathbf' in version `normal'
(Font)                  OT1/cmr/bx/n --> OT1/txr/bx/n on input line 29.
LaTeX Font Info:    Overwriting math alphabet `\mathbf' in version `bold'
(Font)                  OT1/cmr/bx/n --> OT1/txr/bx/n on input line 29.
LaTeX Font Info:    Redeclaring math alphabet \mathit on input line 30.
LaTeX Font Info:    Overwriting math alphabet `\mathit' in version `normal'
(Font)                  OT1/cmr/m/it --> OT1/txr/m/it on input line 30.
LaTeX Font Info:    Overwriting math alphabet `\mathit' in version `bold'
(Font)                  OT1/cmr/bx/it --> OT1/txr/m/it on input line 30.
LaTeX Font Info:    Overwriting math alphabet `\mathit' in version `bold'
(Font)                  OT1/txr/m/it --> OT1/txr/bx/it on input line 31.
LaTeX Font Info:    Redeclaring math alphabet \mathsf on input line 40.
LaTeX Font Info:    Overwriting math alphabet `\mathsf' in version `normal'
(Font)                  OT1/cmss/m/n --> OT1/txss/m/n on input line 40.
LaTeX Font Info:    Overwriting math alphabet `\mathsf' in version `bold'
(Font)                  OT1/cmss/bx/n --> OT1/txss/m/n on input line 40.
LaTeX Font Info:    Overwriting math alphabet `\mathsf' in version `bold'
(Font)                  OT1/txss/m/n --> OT1/txss/b/n on input line 41.
LaTeX Font Info:    Redeclaring math alphabet \mathtt on input line 50.
LaTeX Font Info:    Overwriting math alphabet `\mathtt' in version `normal'
(Font)                  OT1/cmtt/m/n --> OT1/txtt/m/n on input line 50.
LaTeX Font Info:    Overwriting math alphabet `\mathtt' in version `bold'
(Font)                  OT1/cmtt/m/n --> OT1/txtt/m/n on input line 50.
LaTeX Font Info:    Overwriting math alphabet `\mathtt' in version `bold'
(Font)                  OT1/txtt/m/n --> OT1/txtt/b/n on input line 51.
LaTeX Font Info:    Redeclaring symbol font `letters' on input line 58.
LaTeX Font Info:    Overwriting symbol font `letters' in version `normal'
(Font)                  OML/cmm/m/it --> OML/txmi/m/it on input line 58.
LaTeX Font Info:    Overwriting symbol font `letters' in version `bold'
(Font)                  OML/cmm/b/it --> OML/txmi/m/it on input line 58.
LaTeX Font Info:    Overwriting symbol font `letters' in version `bold'
(Font)                  OML/txmi/m/it --> OML/txmi/bx/it on input line 59.
\symlettersA=\mathgroup5
LaTeX Font Info:    Overwriting symbol font `lettersA' in version `bold'
(Font)                  U/txmia/m/it --> U/txmia/bx/it on input line 67.
LaTeX Font Info:    Redeclaring symbol font `symbols' on input line 77.
LaTeX Font Info:    Overwriting symbol font `symbols' in version `normal'
(Font)                  OMS/cmsy/m/n --> OMS/txsy/m/n on input line 77.
LaTeX Font Info:    Overwriting symbol font `symbols' in version `bold'
(Font)                  OMS/cmsy/b/n --> OMS/txsy/m/n on input line 77.
LaTeX Font Info:    Overwriting symbol font `symbols' in version `bold'
(Font)                  OMS/txsy/m/n --> OMS/txsy/bx/n on input line 78.
\symAMSa=\mathgroup6
LaTeX Font Info:    Overwriting symbol font `AMSa' in version `bold'
(Font)                  U/txsya/m/n --> U/txsya/bx/n on input line 94.
\symAMSb=\mathgroup7
LaTeX Font Info:    Overwriting symbol font `AMSb' in version `bold'
(Font)                  U/txsyb/m/n --> U/txsyb/bx/n on input line 103.
\symsymbolsC=\mathgroup8
LaTeX Font Info:    Overwriting symbol font `symbolsC' in version `bold'
(Font)                  U/txsyc/m/n --> U/txsyc/bx/n on input line 113.
LaTeX Font Info:    Redeclaring symbol font `largesymbols' on input line 120.
LaTeX Font Info:    Overwriting symbol font `largesymbols' in version `normal'
(Font)                  OMX/cmex/m/n --> OMX/txex/m/n on input line 120.
LaTeX Font Info:    Overwriting symbol font `largesymbols' in version `bold'
(Font)                  OMX/cmex/m/n --> OMX/txex/m/n on input line 120.
LaTeX Font Info:    Overwriting symbol font `largesymbols' in version `bold'
(Font)                  OMX/txex/m/n --> OMX/txex/bx/n on input line 121.
\symlargesymbolsA=\mathgroup9
LaTeX Font Info:    Overwriting symbol font `largesymbolsA' in version `bold'
(Font)                  U/txexa/m/n --> U/txexa/bx/n on input line 129.
LaTeX Info: Redefining \not on input line 1043.
)
(C:\CTEX\MiKTeX\tex\latex\graphics\graphicx.sty
Package: graphicx 1999/02/16 v1.0f Enhanced LaTeX Graphics (DPC,SPQR)

(C:\CTEX\MiKTeX\tex\latex\graphics\keyval.sty
Package: keyval 1999/03/16 v1.13 key=value parser (DPC)
\KV@toks@=\toks20
)
(C:\CTEX\MiKTeX\tex\latex\graphics\graphics.sty
Package: graphics 2009/02/05 v1.0o Standard LaTeX Graphics (DPC,SPQR)

(C:\CTEX\MiKTeX\tex\latex\graphics\trig.sty
Package: trig 1999/03/16 v1.09 sin cos tan (DPC)
)
(C:\CTEX\MiKTeX\tex\latex\00miktex\graphics.cfg
File: graphics.cfg 2007/01/18 v1.5 graphics configuration of teTeX/TeXLive
)
Package graphics Info: Driver file: pdftex.def on input line 91.

(C:\CTEX\MiKTeX\tex\latex\pdftex-def\pdftex.def
File: pdftex.def 2011/05/27 v0.06d Graphics/color for pdfTeX

(C:\CTEX\MiKTeX\tex\generic\oberdiek\infwarerr.sty
Package: infwarerr 2010/04/08 v1.3 Providing info/warning/message (HO)
)
(C:\CTEX\MiKTeX\tex\generic\oberdiek\ltxcmds.sty
Package: ltxcmds 2011/04/18 v1.20 LaTeX kernel commands for general use (HO)
)
\Gread@gobject=\count106
))
\Gin@req@height=\dimen134
\Gin@req@width=\dimen135
)
(C:\CTEX\MiKTeX\tex\latex\algorithms\algorithm.sty
Package: algorithm 2009/08/24 v0.1 Document Style `algorithm' - floating enviro
nment

(C:\CTEX\MiKTeX\tex\latex\float\float.sty
Package: float 2001/11/08 v1.3d Float enhancements (AL)
\c@float@type=\count107
\float@exts=\toks21
\float@box=\box30
\@float@everytoks=\toks22
\@floatcapt=\box31
)
(C:\CTEX\MiKTeX\tex\latex\base\ifthen.sty
Package: ifthen 2001/05/26 v1.1c Standard LaTeX ifthen package (DPC)
)
\@float@every@algorithm=\toks23
\c@algorithm=\count108
)
(C:\CTEX\MiKTeX\tex\latex\algorithms\algorithmic.sty
Package: algorithmic 2009/08/24 v0.1 Document Style `algorithmic'
\c@ALC@unique=\count109
\c@ALC@line=\count110
\c@ALC@rem=\count111
\c@ALC@depth=\count112
\ALC@tlm=\skip47
\algorithmicindent=\skip48
)
(C:\CTEX\MiKTeX\tex\latex\graphics\color.sty
Package: color 2005/11/14 v1.0j Standard LaTeX Color (DPC)

(C:\CTEX\MiKTeX\tex\latex\00miktex\color.cfg
File: color.cfg 2007/01/18 v1.5 color configuration of teTeX/TeXLive
)
Package color Info: Driver file: pdftex.def on input line 130.
)
(C:\CTEX\MiKTeX\tex\latex\subfigure\subfigure.sty
Package: subfigure 2002/07/30 v2.1.4 subfigure package
\subfigtopskip=\skip49
\subfigcapskip=\skip50
\subfigcaptopadj=\dimen136
\subfigbottomskip=\skip51
\subfigcapmargin=\dimen137
\subfiglabelskip=\skip52
\c@subfigure=\count113
\c@lofdepth=\count114
\c@subtable=\count115
\c@lotdepth=\count116

****************************************
* Local config file subfigure.cfg used *
****************************************
(C:\CTEX\MiKTeX\tex\latex\subfigure\subfigure.cfg)
\subfig@top=\skip53
\subfig@bottom=\skip54
)
(C:\CTEX\MiKTeX\tex\latex\multirow\multirow.sty
\bigstrutjot=\dimen138
)
(C:\CTEX\MiKTeX\tex\latex\oberdiek\epstopdf.sty
Package: epstopdf 2010/02/09 v2.5 Conversion with epstopdf on the fly (HO)

(C:\CTEX\MiKTeX\tex\latex\oberdiek\epstopdf-base.sty
Package: epstopdf-base 2010/02/09 v2.5 Base part for package epstopdf

(C:\CTEX\MiKTeX\tex\latex\oberdiek\grfext.sty
Package: grfext 2010/08/19 v1.1 Managing graphics extensions (HO)

(C:\CTEX\MiKTeX\tex\generic\oberdiek\kvdefinekeys.sty
Package: kvdefinekeys 2011/04/07 v1.3 Defining keys (HO)
))
(C:\CTEX\MiKTeX\tex\latex\oberdiek\kvoptions.sty
Package: kvoptions 2010/12/23 v3.10 Keyval support for LaTeX options (HO)

(C:\CTEX\MiKTeX\tex\generic\oberdiek\kvsetkeys.sty
Package: kvsetkeys 2011/04/07 v1.13 Key value parser (HO)

(C:\CTEX\MiKTeX\tex\generic\oberdiek\etexcmds.sty
Package: etexcmds 2011/02/16 v1.5 Prefix for e-TeX command names (HO)

(C:\CTEX\MiKTeX\tex\generic\oberdiek\ifluatex.sty
Package: ifluatex 2010/03/01 v1.3 Provides the ifluatex switch (HO)
Package ifluatex Info: LuaTeX not detected.
)
Package etexcmds Info: Could not find \expanded.
(etexcmds)             That can mean that you are not using pdfTeX 1.50 or
(etexcmds)             that some package has redefined \expanded.
(etexcmds)             In the latter case, load this package earlier.
)))
(C:\CTEX\MiKTeX\tex\generic\oberdiek\pdftexcmds.sty
Package: pdftexcmds 2011/04/22 v0.16 Utilities of pdfTeX for LuaTeX (HO)

(C:\CTEX\MiKTeX\tex\generic\oberdiek\ifpdf.sty
Package: ifpdf 2011/01/30 v2.3 Provides the ifpdf switch (HO)
Package ifpdf Info: pdfTeX in PDF mode is detected.
)
Package pdftexcmds Info: LuaTeX not detected.
Package pdftexcmds Info: \pdf@primitive is available.
Package pdftexcmds Info: \pdf@ifprimitive is available.
Package pdftexcmds Info: \pdfdraftmode found.
)
Package grfext Info: Graphics extension search list:
(grfext)             [.png,.pdf,.jpg,.mps,.jpeg,.jbig2,.jb2,.PNG,.PDF,.JPG,.JPE
G,.JBIG2,.JB2,.eps]
(grfext)             \AppendGraphicsExtensions on input line 452.
))
(C:\CTEX\MiKTeX\tex\latex\cite\cite.sty
LaTeX Info: Redefining \cite on input line 302.
LaTeX Info: Redefining \nocite on input line 373.
Package: cite 2010/09/10  v 5.3
)
(C:\CTEX\MiKTeX\tex\latex\makecell\makecell.sty
Package: makecell 2009/08/03 V0.1e Managing of Tab Column Heads and Cells

(C:\CTEX\MiKTeX\tex\latex\tools\array.sty
Package: array 2008/09/09 v2.4c Tabular extension package (FMi)
\col@sep=\dimen139
\extrarowheight=\dimen140
\NC@list=\toks24
\extratabsurround=\skip55
\backup@length=\skip56
)
\rotheadsize=\dimen141
\c@nlinenum=\count117
\TeXr@lab=\toks25
)
(C:\CTEX\MiKTeX\tex\latex\cleveref\cleveref.sty
Package: cleveref 2012/02/15{} v0.18.4{} Intelligent cross-referencing
Package cleveref Info: `algorithm' support loaded on input line 2838.
Package cleveref Info: always capitalise cross-reference names on input line 67
17.
Package cleveref Info: loaded `english' language definitions on input line 6732
.
Package cleveref Info: always capitalise cross-reference names on input line 67
33.
)
\c@definition=\count118
\c@lemma=\count119
\c@property=\count120
\c@proof=\count121
\c@problem=\count122

(C:\Users\dell\Desktop\ËÆ∫ÊñáÊí∞ÂÜô\ÊúüÂàäËÆ∫ÊñáËçâÁ®ø\ISVLSI-J\manuscript\bare
_jrnl_compsoc.aux)
LaTeX Font Info:    Checking defaults for OML/txmi/m/it on input line 401.
LaTeX Font Info:    Try loading font information for OML+txmi on input line 401
.
 (C:\CTEX\MiKTeX\tex\latex\txfonts\omltxmi.fd
File: omltxmi.fd 2000/12/15 v3.1
)
LaTeX Font Info:    ... okay on input line 401.
LaTeX Font Info:    Checking defaults for T1/cmr/m/n on input line 401.
LaTeX Font Info:    ... okay on input line 401.
LaTeX Font Info:    Checking defaults for OT1/cmr/m/n on input line 401.
LaTeX Font Info:    ... okay on input line 401.
LaTeX Font Info:    Checking defaults for OMS/txsy/m/n on input line 401.
LaTeX Font Info:    Try loading font information for OMS+txsy on input line 401
.

(C:\CTEX\MiKTeX\tex\latex\txfonts\omstxsy.fd
File: omstxsy.fd 2000/12/15 v3.1
)
LaTeX Font Info:    ... okay on input line 401.
LaTeX Font Info:    Checking defaults for OMX/txex/m/n on input line 401.
LaTeX Font Info:    Try loading font information for OMX+txex on input line 401
.

(C:\CTEX\MiKTeX\tex\latex\txfonts\omxtxex.fd
File: omxtxex.fd 2000/12/15 v3.1
)
LaTeX Font Info:    ... okay on input line 401.
LaTeX Font Info:    Checking defaults for U/txexa/m/n on input line 401.
LaTeX Font Info:    Try loading font information for U+txexa on input line 401.


(C:\CTEX\MiKTeX\tex\latex\txfonts\utxexa.fd
File: utxexa.fd 2000/12/15 v3.1
)
LaTeX Font Info:    ... okay on input line 401.
LaTeX Font Info:    Try loading font information for OT1+txr on input line 401.


(C:\CTEX\MiKTeX\tex\latex\txfonts\ot1txr.fd
File: ot1txr.fd 2000/12/15 v3.1
)
-- Lines per column: 61 (exact).
(C:\CTEX\MiKTeX\tex\context\base\supp-pdf.mkii
[Loading MPS to PDF converter (version 2006.09.02).]
\scratchcounter=\count123
\scratchdimen=\dimen142
\scratchbox=\box32
\nofMPsegments=\count124
\nofMParguments=\count125
\everyMPshowfont=\toks26
\MPscratchCnt=\count126
\MPscratchDim=\dimen143
\MPnumerator=\count127
\makeMPintoPDFobject=\count128
\everyMPtoPDFconversion=\toks27
)
LaTeX Font Info:    Try loading font information for OT1+txss on input line 517
.
 (C:\CTEX\MiKTeX\tex\latex\txfonts\ot1txss.fd
File: ot1txss.fd 2000/12/15 v3.1
)
LaTeX Font Info:    Font shape `OT1/txss/m/n' will be
(Font)              scaled to size 22.88542pt on input line 517.
LaTeX Font Info:    Font shape `OT1/txss/m/n' will be
(Font)              scaled to size 9.05879pt on input line 517.
LaTeX Font Info:    Font shape `OT1/txss/m/n' will be
(Font)              scaled to size 10.48914pt on input line 517.
LaTeX Font Info:    Font shape `OT1/txss/m/it' in size <11.04124> not available

(Font)              Font shape `OT1/txss/m/sl' tried instead on input line 517.

LaTeX Font Info:    Font shape `OT1/txss/m/sl' will be
(Font)              scaled to size 10.48914pt on input line 517.
LaTeX Font Info:    Font shape `OT1/txss/m/n' will be
(Font)              scaled to size 7.62846pt on input line 517.
LaTeX Font Info:    Font shape `OT1/txss/bx/n' in size <8.03> not available
(Font)              Font shape `OT1/txss/b/n' tried instead on input line 517.
LaTeX Font Info:    Font shape `OT1/txss/b/n' will be
(Font)              scaled to size 7.62846pt on input line 517.
LaTeX Font Info:    Calculating math sizes for size <11.04124> on input line 51
7.
LaTeX Font Info:    Try loading font information for U+txmia on input line 517.


(C:\CTEX\MiKTeX\tex\latex\txfonts\utxmia.fd
File: utxmia.fd 2000/12/15 v3.1
)
LaTeX Font Info:    Try loading font information for U+txsya on input line 517.


(C:\CTEX\MiKTeX\tex\latex\txfonts\utxsya.fd
File: utxsya.fd 2000/12/15 v3.1
)
LaTeX Font Info:    Try loading font information for U+txsyb on input line 517.


(C:\CTEX\MiKTeX\tex\latex\txfonts\utxsyb.fd
File: utxsyb.fd 2000/12/15 v3.1
)
LaTeX Font Info:    Try loading font information for U+txsyc on input line 517.


(C:\CTEX\MiKTeX\tex\latex\txfonts\utxsyc.fd
File: utxsyc.fd 2000/12/15 v3.1
)
LaTeX Font Info:    Try loading font information for U+pzd on input line 517.

(C:\CTEX\MiKTeX\tex\latex\psnfss\upzd.fd
File: upzd.fd 2001/06/04 font definitions for U/pzd.
)
LaTeX Font Info:    Font shape `OT1/txss/bx/n' in size <11.04124> not available

(Font)              Font shape `OT1/txss/b/n' tried instead on input line 545.
LaTeX Font Info:    Font shape `OT1/txss/b/n' will be
(Font)              scaled to size 10.48914pt on input line 545.
LaTeX Font Info:    Font shape `OT1/txss/bx/sc' in size <11.04124> not availabl
e
(Font)              Font shape `OT1/txss/b/sc' tried instead on input line 545.

LaTeX Font Info:    Font shape `OT1/txss/b/sc' will be
(Font)              scaled to size 10.48914pt on input line 545.
LaTeX Font Info:    Font shape `OT1/txss/m/n' will be
(Font)              scaled to size 6.6749pt on input line 567.
LaTeX Font Info:    Calculating math sizes for size <7.02625> on input line 567
.
LaTeX Font Info:    Font shape `OT1/txss/m/n' will be
(Font)              scaled to size 4.6724pt on input line 567.
 [1{C:/CTEX/UserData/pdftex/config/pdftex.map{Unicode.sfd}{UGBK.sfd}}


]
LaTeX Font Info:    Font shape `OT1/txss/bx/n' in size <9.53561> not available
(Font)              Font shape `OT1/txss/b/n' tried instead on input line 671.
LaTeX Font Info:    Font shape `OT1/txss/b/n' will be
(Font)              scaled to size 9.05879pt on input line 671.

Underfull \hbox (badness 4156) in paragraph at lines 681--682
\OT1/txr/m/n/9.53561 tech-niques pre-ven-t in-for-ma-tion leak-age through hard
-ware
 []


Underfull \hbox (badness 1755) in paragraph at lines 702--703
\OT1/txr/m/n/9.53561 pro-tec-tion, and high-level syn-the-sis is the ide-al lev
-el for
 []

LaTeX Font Info:    Calculating math sizes for size <9.53561> on input line 706
.
[2]
LaTeX Font Info:    Font shape `OT1/txss/m/it' in size <9.53561> not available
(Font)              Font shape `OT1/txss/m/sl' tried instead on input line 731.

LaTeX Font Info:    Font shape `OT1/txss/m/sl' will be
(Font)              scaled to size 9.05879pt on input line 731.

Underfull \hbox (badness 2310) in paragraph at lines 746--747
\OT1/txr/m/n/9.53561 in mul-ti-ple IP cores and con-struc-t se-cret com-mu-ni-c
a-tion
 []



pdfTeX warning: pdflatex.exe (file C:/Users/dell/Desktop/ËÆ∫ÊñáÊí∞ÂÜô/ÊúüÂàäËÆ∫
ÊñáËçâÁ®ø/ISVLSI-J/manuscript/figure/sample_code.pdf): PDF inclusion: found PDF
 version <1.7>, but at most version <1.5> allowed
<figure/sample_code.pdf, id=18, 176.33879pt x 165.0165pt>
File: figure/sample_code.pdf Graphic file (type pdf)

<use figure/sample_code.pdf>
Package pdftex.def Info: figure/sample_code.pdf used on input line 768.
(pdftex.def)             Requested size: 227.62204pt x 213.01817pt.


pdfTeX warning: pdflatex.exe (file C:/Users/dell/Desktop/ËÆ∫ÊñáÊí∞ÂÜô/ÊúüÂàäËÆ∫
ÊñáËçâÁ®ø/ISVLSI-J/manuscript/figure/statement_hardness_and_variable_ranges.pdf
): PDF inclusion: found PDF version <1.7>, but at most version <1.5> allowed

<figure/statement_hardness_and_variable_ranges.pdf, id=19, 273.06017pt x 290.16
403pt>
File: figure/statement_hardness_and_variable_ranges.pdf Graphic file (type pdf)

 <use figure/statement_hardness_and_variable_ranges.pdf>
Package pdftex.def Info: figure/statement_hardness_and_variable_ranges.pdf used
 on input line 782.
(pdftex.def)             Requested size: 216.2411pt x 229.7938pt.


pdfTeX warning: pdflatex.exe (file C:/Users/dell/Desktop/ËÆ∫ÊñáÊí∞ÂÜô/ÊúüÂàäËÆ∫
ÊñáËçâÁ®ø/ISVLSI-J/manuscript/figure/data_flow_graph.pdf): PDF inclusion: found
 PDF version <1.7>, but at most version <1.5> allowed
<figure/data_flow_graph.pdf, id=20, 142.25145pt x 255.95625pt>
File: figure/data_flow_graph.pdf Graphic file (type pdf)

<use figure/data_flow_graph.pdf>
Package pdftex.def Info: figure/data_flow_graph.pdf used on input line 789.
(pdftex.def)             Requested size: 42.67912pt x 76.79137pt.


pdfTeX warning: pdflatex.exe (file C:/Users/dell/Desktop/ËÆ∫ÊñáÊí∞ÂÜô/ÊúüÂàäËÆ∫
ÊñáËçâÁ®ø/ISVLSI-J/manuscript/figure/observability_of_signals.pdf): PDF inclusi
on: found PDF version <1.7>, but at most version <1.5> allowed
<figure/observability_of_signals.pdf, id=21, 204.765pt x 85.2786pt>
File: figure/observability_of_signals.pdf Graphic file (type pdf)

<use figure/observability_of_signals.pdf>
Package pdftex.def Info: figure/observability_of_signals.pdf used on input line
 795.
(pdftex.def)             Requested size: 159.3356pt x 66.36217pt.

Overfull \hbox (42.88272pt too wide) in paragraph at lines 795--796
 [][] 
 []

[3]
Underfull \hbox (badness 2469) in paragraph at lines 809--810
\OT1/txr/m/n/9.53561 behavioral-level Tro-jan usu-al-ly tar-get-s a sig-nal wit
h low
 []

<figure/tg.png, id=26, 979.66pt x 798.985pt>
File: figure/tg.png Graphic file (type png)
 <use figure/tg.png>
Package pdftex.def Info: figure/tg.png used on input line 829.
(pdftex.def)             Requested size: 170.71652pt x 139.22708pt.

<figure/constraint_example1.pdf, id=28, 448.89307pt x 409.96964pt>
File: figure/constraint_example1.pdf Graphic file (type pdf)

<use figure/constraint_example1.pdf>
Package pdftex.def Info: figure/constraint_example1.pdf used on input line 832.

(pdftex.def)             Requested size: 155.06743pt x 141.62108pt.

<figure/performance-motivation1.pdf, id=29, 348.19888pt x 301.67908pt>
File: figure/performance-motivation1.pdf Graphic file (type pdf)

<use figure/performance-motivation1.pdf>
Package pdftex.def Info: figure/performance-motivation1.pdf used on input line 
835.
(pdftex.def)             Requested size: 163.60333pt x 141.74774pt.

Overfull \hbox (2.87502pt too wide) in paragraph at lines 825--837
 [][] 
 []


Underfull \hbox (badness 1466) in paragraph at lines 845--846
\OT1/txr/m/n/9.53561 of per-for-mance and area, and Fig. 3[] shows an ex-am-ple
,
 []

<figure/security1.pdf, id=30, 570.38695pt x 387.37823pt>
File: figure/security1.pdf Graphic file (type pdf)

<use figure/security1.pdf>
Package pdftex.def Info: figure/security1.pdf used on input line 868.
(pdftex.def)             Requested size: 210.55022pt x 142.99669pt.

<figure/security2.pdf, id=31, 570.38695pt x 387.37823pt>
File: figure/security2.pdf Graphic file (type pdf)

<use figure/security2.pdf>
Package pdftex.def Info: figure/security2.pdf used on input line 872.
(pdftex.def)             Requested size: 210.55022pt x 142.99669pt.
 [4 <C:/Users/dell/Desktop/ËÆ∫ÊñáÊí∞ÂÜô/ÊúüÂàäËÆ∫ÊñáËçâÁ®ø/ISVLSI-J/manuscript/
figure/sample_code.pdf> <C:/Users/dell/Desktop/ËÆ∫ÊñáÊí∞ÂÜô/ÊúüÂàäËÆ∫ÊñáËçâÁ®ø/
ISVLSI-J/manuscript/figure/statement_hardness_and_variable_ranges.pdf> <C:/User
s/dell/Desktop/ËÆ∫ÊñáÊí∞ÂÜô/ÊúüÂàäËÆ∫ÊñáËçâÁ®ø/ISVLSI-J/manuscript/figure/data_
flow_graph.pdf> <C:/Users/dell/Desktop/ËÆ∫ÊñáÊí∞ÂÜô/ÊúüÂàäËÆ∫ÊñáËçâÁ®ø/ISVLSI-J
/manuscript/figure/observability_of_signals.pdf>]
Underfull \hbox (badness 2035) in paragraph at lines 893--894
\OT1/txr/m/it/9.53561 isolation-with-diversity\OT1/txr/m/n/9.53561 , leav-ing t
he cor-re-spond-ing intra-core
 []

[5 <C:/Users/dell/Desktop/ËÆ∫ÊñáÊí∞ÂÜô/ÊúüÂàäËÆ∫ÊñáËçâÁ®ø/ISVLSI-J/manuscript/f
igure/tg.png> <C:/Users/dell/Desktop/ËÆ∫ÊñáÊí∞ÂÜô/ÊúüÂàäËÆ∫ÊñáËçâÁ®ø/ISVLSI-J/m
anuscript/figure/constraint_example1.pdf> <C:/Users/dell/Desktop/ËÆ∫ÊñáÊí∞ÂÜô/Ê
úüÂàäËÆ∫ÊñáËçâÁ®ø/ISVLSI-J/manuscript/figure/performance-motivation1.pdf> <C:/U
sers/dell/Desktop/ËÆ∫ÊñáÊí∞ÂÜô/ÊúüÂàäËÆ∫ÊñáËçâÁ®ø/ISVLSI-J/manuscript/figure/se
curity1.pdf> <C:/Users/dell/Desktop/ËÆ∫ÊñáÊí∞ÂÜô/ÊúüÂàäËÆ∫ÊñáËçâÁ®ø/ISVLSI-J/ma
nuscript/figure/security2.pdf>]
<figure/TG1.pdf, id=130, 182.03508pt x 426.52951pt>
File: figure/TG1.pdf Graphic file (type pdf)
 <use figure/TG1.pdf>
Package pdftex.def Info: figure/TG1.pdf used on input line 987.
(pdftex.def)             Requested size: 65.44142pt x 153.33572pt.

<figure/tvg.pdf, id=131, 207.9268pt x 372.7315pt>
File: figure/tvg.pdf Graphic file (type pdf)
 <use figure/tvg.pdf>
Package pdftex.def Info: figure/tvg.pdf used on input line 990.
(pdftex.def)             Requested size: 85.35826pt x 153.01427pt.

<figure/tvg1.pdf, id=132, 181.83633pt x 328.965pt>
File: figure/tvg1.pdf Graphic file (type pdf)
 <use figure/tvg1.pdf>
Package pdftex.def Info: figure/tvg1.pdf used on input line 993.
(pdftex.def)             Requested size: 86.78099pt x 157.00288pt.

Overfull \hbox (4.61557pt too wide) in paragraph at lines 983--995
 [][] 
 []

LaTeX Font Info:    Calculating math sizes for size <8.03> on input line 995.

Underfull \hbox (badness 1783) in paragraph at lines 1035--1035
[]\OT1/txr/bx/n/9.53561 Algorithm 1 \OT1/txr/m/n/9.53561 Task clus-ter-ing with
 per-for-mance con-strain-t,
 []

<figure/EVG1.pdf, id=133, 218.56857pt x 552.9167pt>
File: figure/EVG1.pdf Graphic file (type pdf)
 <use figure/EVG1.pdf>
Package pdftex.def Info: figure/EVG1.pdf used on input line 1070.
(pdftex.def)             Requested size: 79.6678pt x 201.53871pt.

<figure/EVG2.pdf, id=134, 218.56857pt x 552.9167pt>
File: figure/EVG2.pdf Graphic file (type pdf)
 <use figure/EVG2.pdf>
Package pdftex.def Info: figure/EVG2.pdf used on input line 1073.
(pdftex.def)             Requested size: 79.6678pt x 201.53871pt.

<figure/EVG3.pdf, id=135, 217.68628pt x 554.68129pt>
File: figure/EVG3.pdf Graphic file (type pdf)
 <use figure/EVG3.pdf>
Package pdftex.def Info: figure/EVG3.pdf used on input line 1076.
(pdftex.def)             Requested size: 79.6678pt x 203.0029pt.

Overfull \hbox (4.13135pt too wide) in paragraph at lines 1066--1078
 [][] 
 []

[6 <C:/Users/dell/Desktop/ËÆ∫ÊñáÊí∞ÂÜô/ÊúüÂàäËÆ∫ÊñáËçâÁ®ø/ISVLSI-J/manuscript/f
igure/TG1.pdf> <C:/Users/dell/Desktop/ËÆ∫ÊñáÊí∞ÂÜô/ÊúüÂàäËÆ∫ÊñáËçâÁ®ø/ISVLSI-J/
manuscript/figure/tvg.pdf> <C:/Users/dell/Desktop/ËÆ∫ÊñáÊí∞ÂÜô/ÊúüÂàäËÆ∫ÊñáËçâÁ
®ø/ISVLSI-J/manuscript/figure/tvg1.pdf>]
Underfull \hbox (badness 1609) in paragraph at lines 1092--1093
\OT1/txr/m/n/9.53561 from the performance-constrained clus-ter-ing re-sult-s, a
nd it
 []

<figure/vcg_c_1.pdf, id=170, 512.7697pt x 298.75415pt>
File: figure/vcg_c_1.pdf Graphic file (type pdf)

<use figure/vcg_c_1.pdf>
Package pdftex.def Info: figure/vcg_c_1.pdf used on input line 1118.
(pdftex.def)             Requested size: 244.69386pt x 142.56613pt.

<figure/vcg_c_2.pdf, id=171, 557.98158pt x 357.30388pt>
File: figure/vcg_c_2.pdf Graphic file (type pdf)

<use figure/vcg_c_2.pdf>
Package pdftex.def Info: figure/vcg_c_2.pdf used on input line 1121.
(pdftex.def)             Requested size: 250.38434pt x 160.33273pt.

Overfull \hbox (6.99092pt too wide) in paragraph at lines 1114--1123
 [][] 
 []

<figure/vcg1.pdf, id=172, 378.07446pt x 352.81412pt>
File: figure/vcg1.pdf Graphic file (type pdf)
 <use figure/vcg1.pdf>
Package pdftex.def Info: figure/vcg1.pdf used on input line 1137.
(pdftex.def)             Requested size: 165.02606pt x 154.00047pt.

<figure/vcg2.pdf, id=173, 378.07446pt x 352.81412pt>
File: figure/vcg2.pdf Graphic file (type pdf)
 <use figure/vcg2.pdf>
Package pdftex.def Info: figure/vcg2.pdf used on input line 1140.
(pdftex.def)             Requested size: 165.02606pt x 154.00047pt.

<figure/vcg3.pdf, id=174, 378.07446pt x 352.81412pt>
File: figure/vcg3.pdf Graphic file (type pdf)
 <use figure/vcg3.pdf>
Package pdftex.def Info: figure/vcg3.pdf used on input line 1143.
(pdftex.def)             Requested size: 165.02606pt x 154.00047pt.

<figure/vcg4.pdf, id=175, 378.07446pt x 256.07469pt>
File: figure/vcg4.pdf Graphic file (type pdf)
 <use figure/vcg4.pdf>
Package pdftex.def Info: figure/vcg4.pdf used on input line 1146.
(pdftex.def)             Requested size: 165.02606pt x 111.7745pt.

<figure/vcg5.pdf, id=176, 378.07446pt x 256.07469pt>
File: figure/vcg5.pdf Graphic file (type pdf)
 <use figure/vcg5.pdf>
Package pdftex.def Info: figure/vcg5.pdf used on input line 1149.
(pdftex.def)             Requested size: 165.02606pt x 111.7745pt.

<figure/vcg6.pdf, id=177, 378.07446pt x 256.07469pt>
File: figure/vcg6.pdf Graphic file (type pdf)
 <use figure/vcg6.pdf>
Package pdftex.def Info: figure/vcg6.pdf used on input line 1152.
(pdftex.def)             Requested size: 165.02606pt x 111.7745pt.

[7 <C:/Users/dell/Desktop/ËÆ∫ÊñáÊí∞ÂÜô/ÊúüÂàäËÆ∫ÊñáËçâÁ®ø/ISVLSI-J/manuscript/f
igure/EVG1.pdf> <C:/Users/dell/Desktop/ËÆ∫ÊñáÊí∞ÂÜô/ÊúüÂàäËÆ∫ÊñáËçâÁ®ø/ISVLSI-J
/manuscript/figure/EVG2.pdf> <C:/Users/dell/Desktop/ËÆ∫ÊñáÊí∞ÂÜô/ÊúüÂàäËÆ∫ÊñáËç
âÁ®ø/ISVLSI-J/manuscript/figure/EVG3.pdf>]
<figure/vcg_result.pdf, id=219, 525.17506pt x 332.52129pt>
File: figure/vcg_result.pdf Graphic file (type pdf)

<use figure/vcg_result.pdf>
Package pdftex.def Info: figure/vcg_result.pdf used on input line 1187.
(pdftex.def)             Requested size: 250.38434pt x 158.53273pt.

Underfull \hbox (badness 4132) in paragraph at lines 1193--1193
[]\OT1/txr/bx/n/9.53561 Algorithm 2 \OT1/txr/m/n/9.53561 Vendor-assignment with
 core min-i-miza-tion,
 []


Underfull \hbox (badness 1490) in paragraph at lines 1232--1233
[]\OT1/txr/m/n/9.53561 Algorithm 2[] de-scribes the pro-posed ven-dor as-sign-m
en-t
 []


Underfull \vbox (badness 3895) has occurred while \output is active []



LaTeX Warning: Text page 8 contains only floats.


Overfull \vbox (1.10944pt too high) has occurred while \output is active []


[8 <C:/Users/dell/Desktop/ËÆ∫ÊñáÊí∞ÂÜô/ÊúüÂàäËÆ∫ÊñáËçâÁ®ø/ISVLSI-J/manuscript/f
igure/vcg1.pdf> <C:/Users/dell/Desktop/ËÆ∫ÊñáÊí∞ÂÜô/ÊúüÂàäËÆ∫ÊñáËçâÁ®ø/ISVLSI-J
/manuscript/figure/vcg2.pdf> <C:/Users/dell/Desktop/ËÆ∫ÊñáÊí∞ÂÜô/ÊúüÂàäËÆ∫ÊñáËç
âÁ®ø/ISVLSI-J/manuscript/figure/vcg3.pdf> <C:/Users/dell/Desktop/ËÆ∫ÊñáÊí∞ÂÜô/Ê
úüÂàäËÆ∫ÊñáËçâÁ®ø/ISVLSI-J/manuscript/figure/vcg4.pdf> <C:/Users/dell/Desktop/Ë
Æ∫ÊñáÊí∞ÂÜô/ÊúüÂàäËÆ∫ÊñáËçâÁ®ø/ISVLSI-J/manuscript/figure/vcg5.pdf> <C:/Users/d
ell/Desktop/ËÆ∫ÊñáÊí∞ÂÜô/ÊúüÂàäËÆ∫ÊñáËçâÁ®ø/ISVLSI-J/manuscript/figure/vcg6.pdf
>]
Underfull \hbox (badness 3375) in paragraph at lines 1273--1274
[]\OT1/txr/m/n/9.53561 In each it-er-a-tion of the performance-constrained task

 []

[9 <C:/Users/dell/Desktop/ËÆ∫ÊñáÊí∞ÂÜô/ÊúüÂàäËÆ∫ÊñáËçâÁ®ø/ISVLSI-J/manuscript/f
igure/vcg_c_1.pdf> <C:/Users/dell/Desktop/ËÆ∫ÊñáÊí∞ÂÜô/ÊúüÂàäËÆ∫ÊñáËçâÁ®ø/ISVLS
I-J/manuscript/figure/vcg_c_2.pdf> <C:/Users/dell/Desktop/ËÆ∫ÊñáÊí∞ÂÜô/ÊúüÂàäËÆ
∫ÊñáËçâÁ®ø/ISVLSI-J/manuscript/figure/vcg_result.pdf>]
Underfull \hbox (badness 2828) in paragraph at lines 1275--1276
[]\OT1/txr/m/n/9.53561 In the ven-dor as-sign-men-t and task schedul-ing stage,

 []


Underfull \hbox (badness 1728) in paragraph at lines 1283--1284
\OT1/txr/m/n/9.53561 with an E5 2.6-GHz CPU and 32-GB RAM. We test-ed
 []

Package epstopdf Info: Source file: <figure/randomly_set.eps>
(epstopdf)                    date: 2023-03-10 20:32:16
(epstopdf)                    size: 29275 bytes
(epstopdf)             Output file: <figure/randomly_set-eps-converted-to.pdf>
(epstopdf)                    date: 2023-03-10 21:31:24
(epstopdf)                    size: 5006 bytes
(epstopdf)             Command: <epstopdf --outfile=figure/randomly_set-eps-con
verted-to.pdf figure/randomly_set.eps>
(epstopdf)             \includegraphics on input line 1414.
Package epstopdf Info: Output file is already uptodate.
<figure/randomly_set-eps-converted-to.pdf, id=486, 421.575pt x 316.18124pt>
File: figure/randomly_set-eps-converted-to.pdf Graphic file (type pdf)

<use figure/randomly_set-eps-converted-to.pdf>
Package pdftex.def Info: figure/randomly_set-eps-converted-to.pdf used on input
 line 1414.
(pdftex.def)             Requested size: 182.09746pt x 136.57281pt.
Package epstopdf Info: Source file: <figure/equally_set.eps>
(epstopdf)                    date: 2023-03-10 20:32:17
(epstopdf)                    size: 29280 bytes
(epstopdf)             Output file: <figure/equally_set-eps-converted-to.pdf>
(epstopdf)                    date: 2023-03-10 21:31:25
(epstopdf)                    size: 4972 bytes
(epstopdf)             Command: <epstopdf --outfile=figure/equally_set-eps-conv
erted-to.pdf figure/equally_set.eps>
(epstopdf)             \includegraphics on input line 1417.
Package epstopdf Info: Output file is already uptodate.

<figure/equally_set-eps-converted-to.pdf, id=487, 421.575pt x 316.18124pt>
File: figure/equally_set-eps-converted-to.pdf Graphic file (type pdf)

<use figure/equally_set-eps-converted-to.pdf>
Package pdftex.def Info: figure/equally_set-eps-converted-to.pdf used on input 
line 1417.
(pdftex.def)             Requested size: 182.09746pt x 136.57281pt.
Package epstopdf Info: Source file: <figure/linearly_set.eps>
(epstopdf)                    date: 2023-03-10 20:32:17
(epstopdf)                    size: 29280 bytes
(epstopdf)             Output file: <figure/linearly_set-eps-converted-to.pdf>
(epstopdf)                    date: 2023-03-10 21:31:26
(epstopdf)                    size: 5004 bytes
(epstopdf)             Command: <epstopdf --outfile=figure/linearly_set-eps-con
verted-to.pdf figure/linearly_set.eps>
(epstopdf)             \includegraphics on input line 1420.
Package epstopdf Info: Output file is already uptodate.

<figure/linearly_set-eps-converted-to.pdf, id=488, 421.575pt x 316.18124pt>
File: figure/linearly_set-eps-converted-to.pdf Graphic file (type pdf)

<use figure/linearly_set-eps-converted-to.pdf>
Package pdftex.def Info: figure/linearly_set-eps-converted-to.pdf used on input
 line 1420.
(pdftex.def)             Requested size: 182.09746pt x 136.57281pt.

Overfull \hbox (20.68405pt too wide) in paragraph at lines 1410--1422
 [][] 
 []

LaTeX Font Info:    Font shape `OT1/txss/m/it' in size <8.03> not available
(Font)              Font shape `OT1/txss/m/sl' tried instead on input line 1422
.
LaTeX Font Info:    Font shape `OT1/txss/m/sl' will be
(Font)              scaled to size 7.62846pt on input line 1422.
[10]
Underfull \hbox (badness 5578) in paragraph at lines 1504--1505
[]\OT1/txr/m/n/9.53561 When the vul-ner-a-bil-i-ties are \OT1/txr/m/it/9.53561 
ran-dom-ly set\OT1/txr/m/n/9.53561 , the
 []


Underfull \hbox (badness 1655) in paragraph at lines 1504--1505
\OT1/txr/m/n/9.53561 av-er-aged de-sign's vul-ner-a-bil-i-ties of C-B and MC-
 []


Underfull \hbox (badness 2503) in paragraph at lines 1504--1505
\OT1/txr/m/n/9.53561 our pro-posed method ob-tain-s the low-est de-sign's
 []

[11 <C:/Users/dell/Desktop/ËÆ∫ÊñáÊí∞ÂÜô/ÊúüÂàäËÆ∫ÊñáËçâÁ®ø/ISVLSI-J/manuscript/
figure/randomly_set-eps-converted-to.pdf> <C:/Users/dell/Desktop/ËÆ∫ÊñáÊí∞ÂÜô/Ê
úüÂàäËÆ∫ÊñáËçâÁ®ø/ISVLSI-J/manuscript/figure/equally_set-eps-converted-to.pdf> 
<C:/Users/dell/Desktop/ËÆ∫ÊñáÊí∞ÂÜô/ÊúüÂàäËÆ∫ÊñáËçâÁ®ø/ISVLSI-J/manuscript/figu
re/linearly_set-eps-converted-to.pdf>]
Underfull \hbox (badness 4518) in paragraph at lines 1507--1508
[]\OT1/txr/m/n/9.53561 For some bench-mark-s (\OT1/txr/m/it/9.53561 robot \OT1/
txr/m/n/9.53561 and \OT1/txr/m/it/9.53561 s-parse\OT1/txr/m/n/9.53561 ), their
 []


Underfull \hbox (badness 2158) in paragraph at lines 1527--1528
\OT1/txr/m/n/9.53561 a-gainst hard-ware Tro-jan at-tack-s, and a max-i-mum weig
ht
 []

[12]
Underfull \hbox (badness 2359) in paragraph at lines 1551--1552
[]\OT1/txr/m/n/8.03 A. Malekpour, R. Ragel, A. Ign-ja-tovic, and S. Parameswara
n,
 []


Underfull \hbox (badness 2042) in paragraph at lines 1560--1561
[]\OT1/txr/m/n/8.03 S. Swap-p, \OT1/txr/m/it/8.03 S-can-ning Elec-tron Mi-crosc
opy (SEM)\OT1/txr/m/n/8.03 , U-ni-ver-si-ty of
 []


Underfull \hbox (badness 2635) in paragraph at lines 1662--1663
\OT1/txr/m/n/8.03 MP-SoC-s from un-trust-wor-thy 3PIP-s through security-driven
 task
 []


Underfull \hbox (badness 1990) in paragraph at lines 1699--1700
\OT1/txr/m/n/8.03 Tro-jan at-tack-s us-ing hard-ware iso-la-tion,'' \OT1/txr/m/
it/8.03 IEEE Trans-ac-tion-s on
 []

[13]
Underfull \hbox (badness 5050) in paragraph at lines 1822--1826
[]\OT1/txss/b/n/8.03 Songping Li-u \OT1/txss/m/n/8.03 re-ceived the B.E. de-gre
e in
 []


Underfull \hbox (badness 3375) in paragraph at lines 1822--1826
\OT1/txss/m/n/8.03 Chi-na. His cur-ren-t re-search in-ter-est-s in-clude
 []


Underfull \hbox (badness 2828) in paragraph at lines 1829--1831
\OT1/txss/m/n/8.03 sci-ence from X-i'an Jiao-tong U-ni-ver-si-ty, X-i'an,
 []


Underfull \hbox (badness 1448) in paragraph at lines 1829--1831
\OT1/txss/m/n/8.03 Chi-na, in 2000, and M.S. and Ph.D. de-grees
 []


Underfull \hbox (badness 6708) in paragraph at lines 1837--1839
\OT1/txss/m/n/8.03 She is cur-rent-ly a pro-fes-sor of elec-tron-ic-s
 []

[14

]
LaTeX Font Info:    Font shape `OT1/txss/bx/sc' in size <14.05249> not availabl
e
(Font)              Font shape `OT1/txss/b/sc' tried instead on input line 1843
.
LaTeX Font Info:    Font shape `OT1/txss/b/sc' will be
(Font)              scaled to size 13.34981pt on input line 1843.

Underfull \hbox (badness 10000) in paragraph at lines 1847--1849
[]
 []


Underfull \hbox (badness 10000) in paragraph at lines 1860--1862
[]
 []

Missing character: There is no ¬ in font txr!
Missing character: There is no ∑ in font txr!
Missing character: There is no ¬ in font txr!
Missing character: There is no ∑ in font txr!

Underfull \hbox (badness 2538) in paragraph at lines 1882--1883
\OT1/txr/m/n/9.53561 con-straints are re-moved from the com-mu-ni-ca-tion-s
 []


Underfull \hbox (badness 2426) in paragraph at lines 1882--1883
\OT1/txr/m/n/9.53561 and re-mov-ing se-cu-ri-ty con-straints away from the
 []


Underfull \hbox (badness 6445) in paragraph at lines 1926--1927
\OT1/txr/m/n/9.53561 The sim-u-la-tion pa-ram-e-ter-s are s-e-lect-ed with-out 
prop-er
 []


Underfull \hbox (badness 2865) in paragraph at lines 1936--1937
\OT1/txr/m/n/9.53561 The intra-core com-mu-ni-ca-tion de-lays are ig-nored in t
he
 []

[15

]
Underfull \hbox (badness 1735) in paragraph at lines 1969--1970
\OT1/txr/m/n/9.53561 It ap-pears that the key fo-cus is on the vul-ner-a-bil-i-
ty of
 []


Underfull \hbox (badness 5637) in paragraph at lines 1977--1978
[]\OT1/txr/bx/n/9.53561 A1. \OT1/txr/m/n/9.53561 In this re-vised manuscrip-t, 
we have giv-en a
 []


LaTeX Warning: Reference `fig:statement_hardness_and_variable_ranges' on page 1
6 undefined on input line 1981.


LaTeX Warning: Reference `fig:contol_flow_stack' on page 16 undefined on input 
line 1981.


LaTeX Warning: Reference `fig:data_flow_graph' on page 16 undefined on input li
ne 1981.


LaTeX Warning: Reference `fig:observability_of_signals' on page 16 undefined on
 input line 1981.

Missing character: There is no ‚ in font txr!
Missing character: There is no Ä in font txr!
Missing character: There is no ô in font txr!
[16]

LaTeX Warning: Reference `fig:statement_hardness_and_variable_ranges' on page 1
7 undefined on input line 2038.


LaTeX Warning: Reference `fig:contol_flow_stack' on page 17 undefined on input 
line 2038.


LaTeX Warning: Reference `fig:data_flow_graph' on page 17 undefined on input li
ne 2038.


LaTeX Warning: Reference `fig:observability_of_signals' on page 17 undefined on
 input line 2038.

Missing character: There is no ‚ in font txr!
Missing character: There is no Ä in font txr!
Missing character: There is no ô in font txr!
Missing character: There is no ‚ in font txr!
Missing character: There is no Ä in font txr!
Missing character: There is no ú in font txr!
Missing character: There is no ‚ in font txr!
Missing character: There is no Ä in font txr!
Missing character: There is no ù in font txr!
Missing character: There is no ‚ in font txr!
Missing character: There is no Ä in font txr!
Missing character: There is no ô in font txr!
[17]
(C:\Users\dell\Desktop\ËÆ∫ÊñáÊí∞ÂÜô\ÊúüÂàäËÆ∫ÊñáËçâÁ®ø\ISVLSI-J\manuscript\bare
_jrnl_compsoc.aux)

LaTeX Warning: There were undefined references.

 ) 
Here is how much of TeX's memory you used:
 6409 strings out of 495354
 104542 string characters out of 3183859
 242567 words of memory out of 3000000
 9396 multiletter control sequences out of 15000+200000
 121768 words of font info for 271 fonts, out of 3000000 for 9000
 17 hyphenation exceptions out of 8191
 42i,15n,28p,1488b,502s stack positions out of 5000i,500n,10000p,200000b,50000s
{C:/CTEX/MiKTeX/fonts/enc/dvips/fontname/8r.enc}<C:/CTEX/MiKTeX/fonts/type1/p
ublic/txfonts/rtxbsssc.pfb><C:/CTEX/MiKTeX/fonts/type1/public/txfonts/rtxi.pfb>
<C:/CTEX/MiKTeX/fonts/type1/public/txfonts/rtxmi.pfb><C:/CTEX/MiKTeX/fonts/type
1/public/txfonts/rtxr.pfb><C:/CTEX/MiKTeX/fonts/type1/public/txfonts/txex.pfb><
C:/CTEX/MiKTeX/fonts/type1/public/txfonts/txsy.pfb><C:/CTEX/MiKTeX/fonts/type1/
public/txfonts/txsyc.pfb><C:/CTEX/MiKTeX/fonts/type1/urw/helvetic/uhvb8a.pfb><C
:/CTEX/MiKTeX/fonts/type1/urw/helvetic/uhvr8a.pfb><C:/CTEX/MiKTeX/fonts/type1/u
rw/helvetic/uhvr8a.pfb><C:/CTEX/MiKTeX/fonts/type1/urw/times/utmb8a.pfb><C:/CTE
X/MiKTeX/fonts/type1/urw/times/utmbi8a.pfb><C:/CTEX/MiKTeX/fonts/type1/urw/time
s/utmr8a.pfb><C:/CTEX/MiKTeX/fonts/type1/urw/times/utmri8a.pfb><C:/CTEX/MiKTeX/
fonts/type1/urw/zapfding/uzdr.pfb>
Output written on bare_jrnl_compsoc.pdf (17 pages, 1189122 bytes).
PDF statistics:
 572 PDF objects out of 1000 (max. 8388607)
 0 named destinations out of 1000 (max. 500000)
 136 words of extra memory for PDF output out of 10000 (max. 10000000)

